A D/actions////
A D/aggregator////
A D/archive////
A D/block////
A D/blog////
A D/blogapi////
A D/book////
A D/color////
A D/comment////
A D/contact////
A D/dblog////
A D/drupal////
A D/filter////
A D/forum////
A D/help////
A D/legacy////
A D/locale////
A D/menu////
A D/node////
A D/openid////
A D/page////
A D/path////
A D/php////
A D/ping////
A D/poll////
A D/profile////
A D/search////
A D/statistics////
A D/story////
A D/syslog////
A D/system////
A D/taxonomy////
A D/throttle////
A D/tracker////
A D/translation////
A D/trigger////
A D/update////
A D/upload////
A D/user////
A D/watchdog////
R D/watchdog////
R D/story////
R D/page////
R D/legacy////
R D/drupal////
R D/archive////
R D/actions////
